<?xml version="1.0" encoding="UTF-8"?>
<!-- Generated by org.testng.reporters.JUnitReportReporter -->
<testsuite hostname="Aathi" failures="0" tests="1" name="com.murlee.test.LoginToAppTC01" time="26.206" errors="0" timestamp="2024-01-07T12:50:00 IST" skipped="0">
  <testcase classname="com.murlee.test.LoginToAppTC01" name="logintoROCPS" time="26.206"/>
  <system-out/>
</testsuite> <!-- com.murlee.test.LoginToAppTC01 -->
