<?xml version="1.0" encoding="UTF-8"?>
<testsuite xmlns:xsi="http://www.w3.org/2001/XMLSchema-instance" xsi:noNamespaceSchemaLocation="https://maven.apache.org/surefire/maven-surefire-plugin/xsd/surefire-test-report-3.0.xsd" version="3.0" name="TestSuite" time="64.844" tests="2" errors="0" skipped="0" failures="0">
  <properties>
    <property name="java.specification.version" value="13"/>
    <property name="sun.cpu.isalist" value="amd64"/>
    <property name="sun.jnu.encoding" value="Cp1252"/>
    <property name="sun.awt.enableExtraMouseButtons" value="true"/>
    <property name="java.class.path" value="C:\PlayWright_Java_Workspace\Playwright_framework\myautomation\target\test-classes;C:\PlayWright_Java_Workspace\Playwright_framework\myautomation\target\classes;C:\Users\rmura\.m2\repository\com\microsoft\playwright\playwright\1.26.0\playwright-1.26.0.jar;C:\Users\rmura\.m2\repository\com\google\code\gson\gson\2.8.9\gson-2.8.9.jar;C:\Users\rmura\.m2\repository\org\opentest4j\opentest4j\1.2.0\opentest4j-1.2.0.jar;C:\Users\rmura\.m2\repository\com\microsoft\playwright\driver\1.26.0\driver-1.26.0.jar;C:\Users\rmura\.m2\repository\com\microsoft\playwright\driver-bundle\1.26.0\driver-bundle-1.26.0.jar;C:\Users\rmura\.m2\repository\org\testng\testng\7.4.0\testng-7.4.0.jar;C:\Users\rmura\.m2\repository\com\beust\jcommander\1.78\jcommander-1.78.jar;C:\Users\rmura\.m2\repository\org\webjars\jquery\3.5.1\jquery-3.5.1.jar;C:\Users\rmura\.m2\repository\org\json\json\20220924\json-20220924.jar;C:\Users\rmura\.m2\repository\org\apache\poi\poi\5.2.3\poi-5.2.3.jar;C:\Users\rmura\.m2\repository\commons-codec\commons-codec\1.15\commons-codec-1.15.jar;C:\Users\rmura\.m2\repository\org\apache\commons\commons-collections4\4.4\commons-collections4-4.4.jar;C:\Users\rmura\.m2\repository\org\apache\commons\commons-math3\3.6.1\commons-math3-3.6.1.jar;C:\Users\rmura\.m2\repository\commons-io\commons-io\2.11.0\commons-io-2.11.0.jar;C:\Users\rmura\.m2\repository\com\zaxxer\SparseBitSet\1.2\SparseBitSet-1.2.jar;C:\Users\rmura\.m2\repository\org\apache\logging\log4j\log4j-api\2.18.0\log4j-api-2.18.0.jar;C:\Users\rmura\.m2\repository\org\apache\poi\poi-ooxml\5.2.3\poi-ooxml-5.2.3.jar;C:\Users\rmura\.m2\repository\org\apache\poi\poi-ooxml-lite\5.2.3\poi-ooxml-lite-5.2.3.jar;C:\Users\rmura\.m2\repository\org\apache\xmlbeans\xmlbeans\5.1.1\xmlbeans-5.1.1.jar;C:\Users\rmura\.m2\repository\org\apache\commons\commons-compress\1.21\commons-compress-1.21.jar;C:\Users\rmura\.m2\repository\com\github\virtuald\curvesapi\1.07\curvesapi-1.07.jar;C:\Users\rmura\.m2\repository\net\datafaker\datafaker\1.6.0\datafaker-1.6.0.jar;C:\Users\rmura\.m2\repository\com\github\mifmif\generex\1.0.2\generex-1.0.2.jar;C:\Users\rmura\.m2\repository\dk\brics\automaton\automaton\1.11-8\automaton-1.11-8.jar;C:\Users\rmura\.m2\repository\com\aventstack\extentreports\3.1.5\extentreports-3.1.5.jar;C:\Users\rmura\.m2\repository\org\freemarker\freemarker\2.3.23\freemarker-2.3.23.jar;C:\Users\rmura\.m2\repository\org\mongodb\mongodb-driver\3.3.0\mongodb-driver-3.3.0.jar;C:\Users\rmura\.m2\repository\org\mongodb\bson\3.3.0\bson-3.3.0.jar;C:\Users\rmura\.m2\repository\org\mongodb\mongodb-driver-core\3.3.0\mongodb-driver-core-3.3.0.jar;C:\Users\rmura\.m2\repository\org\apache\httpcomponents\httpclient\4.5.2\httpclient-4.5.2.jar;C:\Users\rmura\.m2\repository\org\apache\httpcomponents\httpcore\4.4.4\httpcore-4.4.4.jar;C:\Users\rmura\.m2\repository\commons-logging\commons-logging\1.2\commons-logging-1.2.jar;C:\Users\rmura\.m2\repository\org\apache\httpcomponents\httpmime\4.5.2\httpmime-4.5.2.jar;C:\Users\rmura\.m2\repository\org\jsoup\jsoup\1.9.2\jsoup-1.9.2.jar;C:\Users\rmura\.m2\repository\org\aeonbits\owner\owner\1.0.12\owner-1.0.12.jar;"/>
    <property name="java.vm.vendor" value="Oracle Corporation"/>
    <property name="sun.arch.data.model" value="64"/>
    <property name="user.variant" value=""/>
    <property name="java.vendor.url" value="https://java.oracle.com/"/>
    <property name="user.timezone" value="Asia/Calcutta"/>
    <property name="os.name" value="Windows 10"/>
    <property name="java.vm.specification.version" value="13"/>
    <property name="sun.java.launcher" value="SUN_STANDARD"/>
    <property name="user.country" value="IN"/>
    <property name="sun.boot.library.path" value="C:\Program Files\Java\jdk-13.0.2\bin"/>
    <property name="sun.java.command" value="C:\Users\rmura\AppData\Local\Temp\surefire201490267591460088\surefirebooter-20240107124855921_3.jar C:\Users\rmura\AppData\Local\Temp\surefire201490267591460088 2024-01-07T12-48-55_610-jvmRun1 surefire-20240107124855921_1tmp surefire_0-20240107124855921_2tmp"/>
    <property name="jdk.debug" value="release"/>
    <property name="surefire.test.class.path" value="C:\PlayWright_Java_Workspace\Playwright_framework\myautomation\target\test-classes;C:\PlayWright_Java_Workspace\Playwright_framework\myautomation\target\classes;C:\Users\rmura\.m2\repository\com\microsoft\playwright\playwright\1.26.0\playwright-1.26.0.jar;C:\Users\rmura\.m2\repository\com\google\code\gson\gson\2.8.9\gson-2.8.9.jar;C:\Users\rmura\.m2\repository\org\opentest4j\opentest4j\1.2.0\opentest4j-1.2.0.jar;C:\Users\rmura\.m2\repository\com\microsoft\playwright\driver\1.26.0\driver-1.26.0.jar;C:\Users\rmura\.m2\repository\com\microsoft\playwright\driver-bundle\1.26.0\driver-bundle-1.26.0.jar;C:\Users\rmura\.m2\repository\org\testng\testng\7.4.0\testng-7.4.0.jar;C:\Users\rmura\.m2\repository\com\beust\jcommander\1.78\jcommander-1.78.jar;C:\Users\rmura\.m2\repository\org\webjars\jquery\3.5.1\jquery-3.5.1.jar;C:\Users\rmura\.m2\repository\org\json\json\20220924\json-20220924.jar;C:\Users\rmura\.m2\repository\org\apache\poi\poi\5.2.3\poi-5.2.3.jar;C:\Users\rmura\.m2\repository\commons-codec\commons-codec\1.15\commons-codec-1.15.jar;C:\Users\rmura\.m2\repository\org\apache\commons\commons-collections4\4.4\commons-collections4-4.4.jar;C:\Users\rmura\.m2\repository\org\apache\commons\commons-math3\3.6.1\commons-math3-3.6.1.jar;C:\Users\rmura\.m2\repository\commons-io\commons-io\2.11.0\commons-io-2.11.0.jar;C:\Users\rmura\.m2\repository\com\zaxxer\SparseBitSet\1.2\SparseBitSet-1.2.jar;C:\Users\rmura\.m2\repository\org\apache\logging\log4j\log4j-api\2.18.0\log4j-api-2.18.0.jar;C:\Users\rmura\.m2\repository\org\apache\poi\poi-ooxml\5.2.3\poi-ooxml-5.2.3.jar;C:\Users\rmura\.m2\repository\org\apache\poi\poi-ooxml-lite\5.2.3\poi-ooxml-lite-5.2.3.jar;C:\Users\rmura\.m2\repository\org\apache\xmlbeans\xmlbeans\5.1.1\xmlbeans-5.1.1.jar;C:\Users\rmura\.m2\repository\org\apache\commons\commons-compress\1.21\commons-compress-1.21.jar;C:\Users\rmura\.m2\repository\com\github\virtuald\curvesapi\1.07\curvesapi-1.07.jar;C:\Users\rmura\.m2\repository\net\datafaker\datafaker\1.6.0\datafaker-1.6.0.jar;C:\Users\rmura\.m2\repository\com\github\mifmif\generex\1.0.2\generex-1.0.2.jar;C:\Users\rmura\.m2\repository\dk\brics\automaton\automaton\1.11-8\automaton-1.11-8.jar;C:\Users\rmura\.m2\repository\com\aventstack\extentreports\3.1.5\extentreports-3.1.5.jar;C:\Users\rmura\.m2\repository\org\freemarker\freemarker\2.3.23\freemarker-2.3.23.jar;C:\Users\rmura\.m2\repository\org\mongodb\mongodb-driver\3.3.0\mongodb-driver-3.3.0.jar;C:\Users\rmura\.m2\repository\org\mongodb\bson\3.3.0\bson-3.3.0.jar;C:\Users\rmura\.m2\repository\org\mongodb\mongodb-driver-core\3.3.0\mongodb-driver-core-3.3.0.jar;C:\Users\rmura\.m2\repository\org\apache\httpcomponents\httpclient\4.5.2\httpclient-4.5.2.jar;C:\Users\rmura\.m2\repository\org\apache\httpcomponents\httpcore\4.4.4\httpcore-4.4.4.jar;C:\Users\rmura\.m2\repository\commons-logging\commons-logging\1.2\commons-logging-1.2.jar;C:\Users\rmura\.m2\repository\org\apache\httpcomponents\httpmime\4.5.2\httpmime-4.5.2.jar;C:\Users\rmura\.m2\repository\org\jsoup\jsoup\1.9.2\jsoup-1.9.2.jar;C:\Users\rmura\.m2\repository\org\aeonbits\owner\owner\1.0.12\owner-1.0.12.jar;"/>
    <property name="sun.cpu.endian" value="little"/>
    <property name="user.home" value="C:\Users\rmura"/>
    <property name="user.language" value="en"/>
    <property name="java.specification.vendor" value="Oracle Corporation"/>
    <property name="java.version.date" value="2020-01-14"/>
    <property name="java.home" value="C:\Program Files\Java\jdk-13.0.2"/>
    <property name="file.separator" value="\"/>
    <property name="basedir" value="C:\PlayWright_Java_Workspace\Playwright_framework\myautomation"/>
    <property name="java.vm.compressedOopsMode" value="Zero based"/>
    <property name="line.separator" value="&#10;"/>
    <property name="java.vm.specification.vendor" value="Oracle Corporation"/>
    <property name="java.specification.name" value="Java Platform API Specification"/>
    <property name="surefire.real.class.path" value="C:\Users\rmura\AppData\Local\Temp\surefire201490267591460088\surefirebooter-20240107124855921_3.jar"/>
    <property name="user.script" value=""/>
    <property name="sun.management.compiler" value="HotSpot 64-Bit Tiered Compilers"/>
    <property name="java.runtime.version" value="13.0.2+8"/>
    <property name="user.name" value="aathi"/>
    <property name="path.separator" value=";"/>
    <property name="os.version" value="10.0"/>
    <property name="java.runtime.name" value="Java(TM) SE Runtime Environment"/>
    <property name="file.encoding" value="Cp1252"/>
    <property name="java.vm.name" value="Java HotSpot(TM) 64-Bit Server VM"/>
    <property name="localRepository" value="C:\Users\rmura\.m2\repository"/>
    <property name="java.vendor.url.bug" value="https://bugreport.java.com/bugreport/"/>
    <property name="java.io.tmpdir" value="C:\Users\rmura\AppData\Local\Temp\"/>
    <property name="java.version" value="13.0.2"/>
    <property name="user.dir" value="C:\PlayWright_Java_Workspace\Playwright_framework\myautomation"/>
    <property name="os.arch" value="amd64"/>
    <property name="java.vm.specification.name" value="Java Virtual Machine Specification"/>
    <property name="sun.os.patch.level" value=""/>
    <property name="java.library.path" value="C:\Program Files\Java\jdk-13.0.2\bin;C:\Windows\Sun\Java\bin;C:\Windows\system32;C:\Windows;C:/Program Files/Java/jdk-13.0.2/bin/server;C:/Program Files/Java/jdk-13.0.2/bin;C:\Program Files\Java\jdk-11.0.10\bin;C:\PlayWright_Java_Workspace\apache-maven-3.9.3-bin\apache-maven-3.9.3\bin;C:\Python311\Scripts\;C:\Python311\;C:\Program Files\Common Files\Oracle\Java\javapath;C:\Program Files (x86)\Common Files\Oracle\Java\javapath;C:\Windows\system32;C:\Windows;C:\Windows\System32\Wbem;C:\Windows\System32\WindowsPowerShell\v1.0\;C:\Windows\System32\OpenSSH\;C:\Program Files\Java\jdk-11.0.10\bin\bin;C:\Program Files\nodejs\;C:\ProgramData\chocolatey\bin;C:\Program Files\Git\cmd;C:\Python3\Scripts\;C:\Python3\;C:\Users\rmura\AppData\Local\Microsoft\WindowsApps;C:\Microsoft VS Code\bin;C:\Users\rmura\AppData\Roaming\npm;C:\Program Files\nodejs\;;C:\Eclipse\eclipse;;."/>
    <property name="java.vm.info" value="mixed mode, sharing"/>
    <property name="java.vendor" value="Oracle Corporation"/>
    <property name="java.vm.version" value="13.0.2+8"/>
    <property name="sun.io.unicode.encoding" value="UnicodeLittle"/>
    <property name="java.class.version" value="57.0"/>
  </properties>
  <testcase name="logintoROCPS" classname="com.murlee.test.LoginToAppTC01" time="20.08"/>
  <testcase name="NavigateToROCPS" classname="com.murlee.test.TC02NavigateToScreen" time="34.892"/>
</testsuite>