<?xml version="1.0" encoding="UTF-8"?>
<!-- Generated by org.testng.reporters.JUnitReportReporter -->
<testsuite hostname="Aathi" failures="0" tests="1" name="com.murlee.helpers.ROCScreenList" time="0.521" errors="0" timestamp="2024-01-15T22:42:51 IST" skipped="0">
  <testcase classname="com.murlee.helpers.ROCScreenList" name="testmyList" time="0.521"/>
  <system-out/>
</testsuite> <!-- com.murlee.helpers.ROCScreenList -->
