<?xml version="1.0" encoding="UTF-8"?>
<!-- Generated by org.testng.reporters.JUnitReportReporter -->
<testsuite hostname="1923L11" failures="0" tests="2" name="com.murlee.test.LoginToAppTC01" time="26.925" errors="1" timestamp="2024-05-22T17:23:18 IST" skipped="0">
  <testcase classname="com.murlee.test.LoginToAppTC01" name="logintoROCPS" time="26.705"/>
  <system-out/>
  <testcase classname="com.murlee.test.LoginToAppTC01" name="afterSuite" time="0.220">
    <error message="Cannot invoke &quot;com.microsoft.playwright.Page.screenshot()&quot; because the return value of &quot;com.murlee.base.HTMLReporter.getPage()&quot; is null" type="java.lang.NullPointerException">
      <![CDATA[java.lang.NullPointerException: Cannot invoke "com.microsoft.playwright.Page.screenshot()" because the return value of "com.murlee.base.HTMLReporter.getPage()" is null
at com.murlee.base.HTMLReporter.ReportStep(HTMLReporter.java:100)
at com.murlee.base.HTMLReporter.ReportStep(HTMLReporter.java:89)
at com.murlee.helpers.SendEmailHelper.sendMail(SendEmailHelper.java:70)
at com.murlee.utility.EmailUtility.sendMail(EmailUtility.java:28)
at com.murlee.base.ProjectHooks.afterSuite(ProjectHooks.java:96)
at java.base/jdk.internal.reflect.DirectMethodHandleAccessor.invoke(DirectMethodHandleAccessor.java:104)
at java.base/java.lang.reflect.Method.invoke(Method.java:578)
at org.testng.internal.invokers.MethodInvocationHelper.invokeMethod(MethodInvocationHelper.java:136)
at org.testng.internal.invokers.MethodInvocationHelper.invokeMethodConsideringTimeout(MethodInvocationHelper.java:65)
at org.testng.internal.invokers.ConfigInvoker.invokeConfigurationMethod(ConfigInvoker.java:381)
at org.testng.internal.invokers.ConfigInvoker.invokeConfigurations(ConfigInvoker.java:319)
at org.testng.SuiteRunner.privateRun(SuiteRunner.java:396)
at org.testng.SuiteRunner.run(SuiteRunner.java:326)
at org.testng.SuiteRunnerWorker.runSuite(SuiteRunnerWorker.java:52)
at org.testng.SuiteRunnerWorker.run(SuiteRunnerWorker.java:95)
at org.testng.TestNG.runSuitesSequentially(TestNG.java:1249)
at org.testng.TestNG.runSuitesLocally(TestNG.java:1169)
at org.testng.TestNG.runSuites(TestNG.java:1092)
at org.testng.TestNG.run(TestNG.java:1060)
at org.testng.remote.AbstractRemoteTestNG.run(AbstractRemoteTestNG.java:115)
at org.testng.remote.RemoteTestNG.initAndRun(RemoteTestNG.java:251)
at org.testng.remote.RemoteTestNG.main(RemoteTestNG.java:77)
]]>
    </error>
  </testcase> <!-- afterSuite -->
  <system-out/>
</testsuite> <!-- com.murlee.test.LoginToAppTC01 -->
