<?xml version="1.0" encoding="UTF-8"?>
<!-- Generated by org.testng.reporters.JUnitReportReporter -->
<testsuite hostname="Aathi" failures="0" tests="1" name="com.murlee.test.TC03NavigatoAllScreensinROCPS" time="120.107" errors="0" timestamp="2024-01-15T23:09:35 IST" skipped="0">
  <testcase classname="com.murlee.test.TC03NavigatoAllScreensinROCPS" name="NavigateToROCPS" time="120.107"/>
  <system-out/>
</testsuite> <!-- com.murlee.test.TC03NavigatoAllScreensinROCPS -->
