<?xml version="1.0" encoding="UTF-8"?>
<!-- Generated by org.testng.reporters.JUnitReportReporter -->
<testsuite hostname="Aathi" failures="0" tests="1" name="com.murlee.test.LoginToAppTC01" time="246.482" errors="0" timestamp="2024-01-04T22:47:07 IST" skipped="0">
  <testcase classname="com.murlee.test.LoginToAppTC01" name="logintoROCPS" time="246.482"/>
  <system-out/>
</testsuite> <!-- com.murlee.test.LoginToAppTC01 -->
