<?xml version="1.0" encoding="UTF-8"?>
<!-- Generated by org.testng.reporters.JUnitReportReporter -->
<testsuite hostname="Aathi" failures="0" tests="1" name="com.murlee.test.TC02NavigateToScreen" time="39.315" errors="0" timestamp="2024-01-06T15:10:19 IST" skipped="0">
  <testcase classname="com.murlee.test.TC02NavigateToScreen" name="NavigateToROCPS" time="39.315"/>
  <system-out/>
</testsuite> <!-- com.murlee.test.TC02NavigateToScreen -->
