<?xml version="1.0" encoding="UTF-8"?>
<!-- Generated by org.testng.reporters.JUnitReportReporter -->
<testsuite hostname="Aathi" failures="0" tests="1" name="com.murlee.test.TC02NavigateToScreen" time="38.298" errors="0" timestamp="2024-01-07T12:34:44 IST" skipped="0">
  <testcase classname="com.murlee.test.TC02NavigateToScreen" name="NavigateToROCPS" time="38.298"/>
  <system-out/>
</testsuite> <!-- com.murlee.test.TC02NavigateToScreen -->
